<?xml version="1.0" encoding="UTF-8"?>
<!-- Generated by org.testng.reporters.JUnitXMLReporter -->
<testsuite ignored="0" hostname="DESKTOP-CPNL6G4" failures="0" tests="10" name="Run on chrome" time="61.763" errors="0" timestamp="06 Aug 2021 08:21:46 GMT">
  <testcase classname="bankguru.customer.Customer_11_Payment" name="Tc_01_Create_New_Customer_And_Check_Created_Successfully" time="3.463"/>
  <testcase classname="bankguru.customer.Customer_11_Payment" name="Tc_02_Edit_Customer_Account_And_Check_Edited_Successfully" time="3.739"/>
  <testcase classname="bankguru.customer.Customer_11_Payment" name="Tc_03_Add_New_Account_And_Check_Created_Successfully" time="1.998"/>
  <testcase classname="bankguru.customer.Customer_11_Payment" name="Tc_04_Edit_Account_With_Type_Of_Account_Is_Current" time="3.165"/>
  <testcase classname="bankguru.customer.Customer_11_Payment" name="Tc_05_Transfer_Money_To_Current_Account" time="2.004"/>
  <testcase classname="bankguru.customer.Customer_11_Payment" name="Tc_06_Withdrawal_Money_From_Current_Account_And_Check_Account_Balance" time="2.348"/>
  <testcase classname="bankguru.customer.Customer_11_Payment" name="Tc_07_Transfer_Money_To_Another_Account_And_Check_Amount" time="4.33"/>
  <testcase classname="bankguru.customer.Customer_11_Payment" name="Tc_08_Check_Current_Account_Balance" time="2.111"/>
  <testcase classname="bankguru.customer.Customer_11_Payment" name="Tc_09_Delete_Account_And_Check_Delete_Succesfully" time="6.267"/>
  <testcase classname="bankguru.customer.Customer_11_Payment" name="Tc_10_Delete_Customer_And_Check_Delete_Succesfully" time="17.758"/>
</testsuite> <!-- Run on chrome -->
