<?xml version="1.0" encoding="UTF-8"?>
<!-- Generated by org.testng.reporters.JUnitXMLReporter -->
<testsuite ignored="0" hostname="DESKTOP-CPNL6G4" failures="0" tests="29" name="Run on firefox" time="20.182" errors="0" timestamp="04 Aug 2021 09:53:11 GMT">
  <testcase classname="bankguru.customer.Customer_01_New_Customer" name="TC_01_New_Customer_With_Name_Can_Not_Be_Empty" time="1.004"/>
  <testcase classname="bankguru.customer.Customer_01_New_Customer" name="TC_02_New_Customer_With_Name_Can_Not_Be_Numeric" time="0.179"/>
  <testcase classname="bankguru.customer.Customer_01_New_Customer" name="TC_03_New_Customer_With_Name_Can_Not_Have_Special_Characters" time="0.186"/>
  <testcase classname="bankguru.customer.Customer_01_New_Customer" name="TC_04_New_Customer_With_Name_Can_Not_Have_First_Character_As_Blank" time="0.171"/>
  <testcase classname="bankguru.customer.Customer_01_New_Customer" name="TC_05_New_Customer_With_Address_Can_Not_Be_Empty" time="0.344"/>
  <testcase classname="bankguru.customer.Customer_01_New_Customer" name="TC_06_New_Customer_With_Address_Can_Not_Have_First_Character_As_Blank" time="0.142"/>
  <testcase classname="bankguru.customer.Customer_01_New_Customer" name="TC_07_New_Customer_With_City_Can_Not_Be_Empty" time="0.335"/>
  <testcase classname="bankguru.customer.Customer_01_New_Customer" name="TC_08_New_Customer_With_City_Can_Not_Be_Numeric" time="0.149"/>
  <testcase classname="bankguru.customer.Customer_01_New_Customer" name="TC_09_New_Customer_With_Name_Can_Not_Have_Special_Characters" time="0.156"/>
  <testcase classname="bankguru.customer.Customer_01_New_Customer" name="TC_10_New_Customer_With_City_Can_Not_Have_First_Character_As_Blank" time="0.143"/>
  <testcase classname="bankguru.customer.Customer_01_New_Customer" name="TC_11_New_Customer_With_State_Can_Not_Be_Empty" time="0.364"/>
  <testcase classname="bankguru.customer.Customer_01_New_Customer" name="TC_12_New_Customer_With_State_Can_Not_Be_Numeric" time="0.146"/>
  <testcase classname="bankguru.customer.Customer_01_New_Customer" name="TC_13_New_Customer_With_State_Can_Not_Have_Special_Characters" time="0.146"/>
  <testcase classname="bankguru.customer.Customer_01_New_Customer" name="TC_14_New_Customer_With_State_Can_Not_Have_First_Character_As_Blank" time="0.153"/>
  <testcase classname="bankguru.customer.Customer_01_New_Customer" name="TC_15_New_Customer_With_Pin_Can_Not_Be_Empty" time="0.374"/>
  <testcase classname="bankguru.customer.Customer_01_New_Customer" name="TC_16_New_Customer_With_Pin_Must_Be_Numeric" time="0.158"/>
  <testcase classname="bankguru.customer.Customer_01_New_Customer" name="TC_17_New_Customer_With_Pin_Can_Not_Have_Special_Characters" time="0.145"/>
  <testcase classname="bankguru.customer.Customer_01_New_Customer" name="TC_18_New_Customer_With_Pin_Can_Not_Have_First_Character_As_Blank" time="0.133"/>
  <testcase classname="bankguru.customer.Customer_01_New_Customer" name="TC_19_New_Customer_With_Pin_Can_Not_Have_Blank_Space" time="0.133"/>
  <testcase classname="bankguru.customer.Customer_01_New_Customer" name="TC_19_New_Customer_With_Pin_Must_Have_6_Digits" time="0.132"/>
  <testcase classname="bankguru.customer.Customer_01_New_Customer" name="TC_20_New_Customer_With_Pin_Can_Not_Have_First_Character_As_Blank" time="0.144"/>
  <testcase classname="bankguru.customer.Customer_01_New_Customer" name="TC_21_New_Customer_With_Mobile_Number_Can_Not_Be_Empty" time="0.353"/>
  <testcase classname="bankguru.customer.Customer_01_New_Customer" name="TC_22_New_Customer_With_Mobile_Number_Can_Not_Have_First_Character_As_Blank" time="0.136"/>
  <testcase classname="bankguru.customer.Customer_01_New_Customer" name="TC_23_New_Customer_With_Mobile_Number_Can_Not_Have_Blank_Space" time="0.14"/>
  <testcase classname="bankguru.customer.Customer_01_New_Customer" name="TC_24_New_Customer_Mobile_Number_Pin_Can_Not_Have_Special_Characters" time="0.146"/>
  <testcase classname="bankguru.customer.Customer_01_New_Customer" name="TC_25_New_Customer_With_Email_Can_Not_Be_Empty" time="0.361"/>
  <testcase classname="bankguru.customer.Customer_01_New_Customer" name="TC_26_New_Customer_With_Email_Must_Be_In_Correct_Format" time="0.138"/>
  <testcase classname="bankguru.customer.Customer_01_New_Customer" name="TC_27_New_Customer_With_Email_Can_Not_Have_Blank_Space" time="0.144"/>
  <testcase classname="bankguru.customer.Customer_01_New_Customer" name="TC_28_New_Customer_With_All_Fields_Are_As_Requirement" time="0.421"/>
</testsuite> <!-- Run on firefox -->
