<?xml version="1.0" encoding="UTF-8"?>
<testsuite name="Run on chrome"
           tests="7"
           failures="0"
           errors="0"
           skipped="0"
           time="5.046">
  <properties />
  
  
            <testcase name="TC_01_Change_Password_Old_Password_Can_Not_Be_Empty" time="0.570" classname="bankguru.customer.Customer_10_Change_Password" />
                <testcase name="TC_02_Change_Password_New_Password_Can_Not_Be_Empty" time="0.401" classname="bankguru.customer.Customer_10_Change_Password" />
                <testcase name="TC_04_Change_Password_New_Password_Must_Have_One_Special_Character" time="0.147" classname="bankguru.customer.Customer_10_Change_Password" />
                <testcase name="TC_07_Change_Password_With_Matched_Password" time="3.316" classname="bankguru.customer.Customer_10_Change_Password" />
                <testcase name="TC_03_Change_Password_New_Password_Must_Have_One_Numeric_Value" time="0.139" classname="bankguru.customer.Customer_10_Change_Password" />
                <testcase name="TC_05_Change_Password_New_Password_Cannot_Have_Password_With_String_Password" time="0.152" classname="bankguru.customer.Customer_10_Change_Password" />
                <testcase name="TC_06_Change_Password_Confirm_Password_Must_Be_Matched" time="0.321" classname="bankguru.customer.Customer_10_Change_Password" />
      
</testsuite>
