<?xml version="1.0" encoding="UTF-8"?>
<testsuite name="Run on chrome"
           tests="4"
           failures="0"
           errors="0"
           skipped="0"
           time="1.888">
  <properties />
  
  
            <testcase name="TC_04_Mini_Statement_AccountNo_Valid_AccountNo" time="0.971" classname="bankguru.customer.Customer_07_Ministatement" />
                <testcase name="TC_03_Mini_Statement_AccountNo_Can_Not_Have_Special_Characters" time="0.165" classname="bankguru.customer.Customer_07_Ministatement" />
                <testcase name="TC_01_Mini_Statement_AccountNo_Canot_Be_Empty" time="0.515" classname="bankguru.customer.Customer_07_Ministatement" />
                <testcase name="TC_02_Mini_Statement_AccountNo_Must_Be_Numeric" time="0.237" classname="bankguru.customer.Customer_07_Ministatement" />
      
</testsuite>
