<?xml version="1.0" encoding="UTF-8"?>
<testsuite name="Run on chrome"
           tests="5"
           failures="0"
           errors="0"
           skipped="0"
           time="1.330">
  <properties />
  
  
            <testcase name="TC_05_Change_Password_New_Password_Cannot_Have_Password_With_String_Password" time="0.156" classname="bankguru.customer.Customer_10_Change_Password" />
                <testcase name="TC_02_Change_Password_New_Password_Can_Not_Be_Empty" time="0.381" classname="bankguru.customer.Customer_10_Change_Password" />
                <testcase name="TC_04_Change_Password_New_Password_Must_Have_One_Special_Character" time="0.150" classname="bankguru.customer.Customer_10_Change_Password" />
                <testcase name="TC_03_Change_Password_New_Password_Must_Have_One_Numeric_Value" time="0.137" classname="bankguru.customer.Customer_10_Change_Password" />
                <testcase name="TC_01_Change_Password_Old_Password_Can_Not_Be_Empty" time="0.506" classname="bankguru.customer.Customer_10_Change_Password" />
      
</testsuite>
