<?xml version="1.0" encoding="UTF-8"?>
<testsuite name="Run on firefox"
           tests="11"
           failures="0"
           errors="0"
           skipped="0"
           time="3.464">
  <properties />
  
  
            <testcase name="TC_03_Delete_Customer_CustomerID_Can_Not_Have_Special_Characters" time="0.157" classname="bankguru.customer.Customer_04_New_Account" />
                <testcase name="TC_04_New_Account_CustomerID_Can_Not_Have_First_Character_As_Blank" time="0.155" classname="bankguru.customer.Customer_04_New_Account" />
                <testcase name="TC_10_New_Account_Initial_Deposit_Can_Not_Have_Blank_Space" time="0.135" classname="bankguru.customer.Customer_04_New_Account" />
                <testcase name="TC_05_New_Account_CustomerID_Can_Not_Have_Blank_Space" time="0.136" classname="bankguru.customer.Customer_04_New_Account" />
                <testcase name="TC_07_New_Account_Initial_Deposit_Must_Be_Numeric" time="0.152" classname="bankguru.customer.Customer_04_New_Account" />
                <testcase name="TC_01_New_Account_CustomerID_Canot_Be_Empty" time="0.469" classname="bankguru.customer.Customer_04_New_Account" />
                <testcase name="TC_11_New_Account_Create_A_New_Account" time="1.447" classname="bankguru.customer.Customer_04_New_Account" />
                <testcase name="TC_02_New_Account_CustomerID_Must_Be_Numeric" time="0.187" classname="bankguru.customer.Customer_04_New_Account" />
                <testcase name="TC_09_New_Account_Initial_Deposit_Can_Not_Have_First_Character_As_Blank" time="0.141" classname="bankguru.customer.Customer_04_New_Account" />
                <testcase name="TC_06_New_Account_Initial_Deposit_Canot_Be_Empty" time="0.351" classname="bankguru.customer.Customer_04_New_Account" />
                <testcase name="TC_08_Delete_Customer_Initial_Deposit_Can_Not_Have_Special_Characters" time="0.134" classname="bankguru.customer.Customer_04_New_Account" />
      
</testsuite>
