<?xml version="1.0" encoding="UTF-8"?>
<testsuite name="Run on firefox"
           tests="29"
           failures="0"
           errors="0"
           skipped="0"
           time="5.363">
  <properties />
  
  
            <testcase name="TC_21_New_Customer_With_Mobile_Number_Can_Not_Be_Empty" time="0.281" classname="bankguru.customer.Customer_01_New_Customer" />
                <testcase name="TC_04_New_Customer_With_Name_Can_Not_Have_First_Character_As_Blank" time="0.120" classname="bankguru.customer.Customer_01_New_Customer" />
                <testcase name="TC_17_New_Customer_With_Pin_Can_Not_Have_Special_Characters" time="0.101" classname="bankguru.customer.Customer_01_New_Customer" />
                <testcase name="TC_23_New_Customer_With_Mobile_Number_Can_Not_Have_Blank_Space" time="0.083" classname="bankguru.customer.Customer_01_New_Customer" />
                <testcase name="TC_18_New_Customer_With_Pin_Can_Not_Have_First_Character_As_Blank" time="0.122" classname="bankguru.customer.Customer_01_New_Customer" />
                <testcase name="TC_20_New_Customer_With_Pin_Can_Not_Have_First_Character_As_Blank" time="0.099" classname="bankguru.customer.Customer_01_New_Customer" />
                <testcase name="TC_28_New_Customer_With_All_Fields_Are_As_Requirement" time="0.449" classname="bankguru.customer.Customer_01_New_Customer" />
                <testcase name="TC_25_New_Customer_With_Email_Can_Not_Be_Empty" time="0.298" classname="bankguru.customer.Customer_01_New_Customer" />
                <testcase name="TC_07_New_Customer_With_City_Can_Not_Be_Empty" time="0.263" classname="bankguru.customer.Customer_01_New_Customer" />
                <testcase name="TC_02_New_Customer_With_Name_Can_Not_Be_Numeric" time="0.157" classname="bankguru.customer.Customer_01_New_Customer" />
                <testcase name="TC_05_New_Customer_With_Address_Can_Not_Be_Empty" time="0.328" classname="bankguru.customer.Customer_01_New_Customer" />
                <testcase name="TC_06_New_Customer_With_Address_Can_Not_Have_First_Character_As_Blank" time="0.097" classname="bankguru.customer.Customer_01_New_Customer" />
                <testcase name="TC_19_New_Customer_With_Pin_Can_Not_Have_Blank_Space" time="0.097" classname="bankguru.customer.Customer_01_New_Customer" />
                <testcase name="TC_19_New_Customer_With_Pin_Must_Have_6_Digits" time="0.083" classname="bankguru.customer.Customer_01_New_Customer" />
                <testcase name="TC_08_New_Customer_With_City_Can_Not_Be_Numeric" time="0.094" classname="bankguru.customer.Customer_01_New_Customer" />
                <testcase name="TC_22_New_Customer_With_Mobile_Number_Can_Not_Have_First_Character_As_Blank" time="0.083" classname="bankguru.customer.Customer_01_New_Customer" />
                <testcase name="TC_26_New_Customer_With_Email_Must_Be_In_Correct_Format" time="0.085" classname="bankguru.customer.Customer_01_New_Customer" />
                <testcase name="TC_12_New_Customer_With_State_Can_Not_Be_Numeric" time="0.081" classname="bankguru.customer.Customer_01_New_Customer" />
                <testcase name="TC_27_New_Customer_With_Email_Can_Not_Have_Blank_Space" time="0.094" classname="bankguru.customer.Customer_01_New_Customer" />
                <testcase name="TC_10_New_Customer_With_City_Can_Not_Have_First_Character_As_Blank" time="0.091" classname="bankguru.customer.Customer_01_New_Customer" />
                <testcase name="TC_16_New_Customer_With_Pin_Must_Be_Numeric" time="0.087" classname="bankguru.customer.Customer_01_New_Customer" />
                <testcase name="TC_11_New_Customer_With_State_Can_Not_Be_Empty" time="0.257" classname="bankguru.customer.Customer_01_New_Customer" />
                <testcase name="TC_15_New_Customer_With_Pin_Can_Not_Be_Empty" time="0.263" classname="bankguru.customer.Customer_01_New_Customer" />
                <testcase name="TC_13_New_Customer_With_State_Can_Not_Have_Special_Characters" time="0.088" classname="bankguru.customer.Customer_01_New_Customer" />
                <testcase name="TC_09_New_Customer_With_Name_Can_Not_Have_Special_Characters" time="0.098" classname="bankguru.customer.Customer_01_New_Customer" />
                <testcase name="TC_24_New_Customer_Mobile_Number_Pin_Can_Not_Have_Special_Characters" time="0.099" classname="bankguru.customer.Customer_01_New_Customer" />
                <testcase name="TC_01_New_Customer_With_Name_Can_Not_Be_Empty" time="1.083" classname="bankguru.customer.Customer_01_New_Customer" />
                <testcase name="TC_03_New_Customer_With_Name_Can_Not_Have_Special_Characters" time="0.186" classname="bankguru.customer.Customer_01_New_Customer" />
                <testcase name="TC_14_New_Customer_With_State_Can_Not_Have_First_Character_As_Blank" time="0.096" classname="bankguru.customer.Customer_01_New_Customer" />
      
</testsuite>
