<?xml version="1.0" encoding="UTF-8"?>
<testsuite name="Run on firefox"
           tests="6"
           failures="0"
           errors="0"
           skipped="0"
           time="2.541">
  <properties />
  
  
            <testcase name="TC_01_Delete_Account_AccountNo_Canot_Be_Empty" time="0.522" classname="bankguru.customer.Customer_06_Delete_Account" />
                <testcase name="TC_06_Delete_Account_AccountNo_With_Valid_AccountNo" time="1.341" classname="bankguru.customer.Customer_06_Delete_Account" />
                <testcase name="TC_05_Delete_Account_AccountNo_Can_Not_Have_Blank_Space" time="0.145" classname="bankguru.customer.Customer_06_Delete_Account" />
                <testcase name="TC_02_Delete_Account_AccountNo_Must_Be_Numeric" time="0.202" classname="bankguru.customer.Customer_06_Delete_Account" />
                <testcase name="TC_03_Delete_Account_AccountNo_Can_Not_Have_Special_Characters" time="0.181" classname="bankguru.customer.Customer_06_Delete_Account" />
                <testcase name="TC_04_Delete_Account_AccountNo_Can_Not_Have_First_Character_As_Blank" time="0.150" classname="bankguru.customer.Customer_06_Delete_Account" />
      
</testsuite>
