<?xml version="1.0" encoding="UTF-8"?>
<testng-results ignored="0" total="10" passed="10" failed="0" skipped="0">
  <reporter-output>
    <line>
      <![CDATA[[INFO ] [2021-08-06 15:20:45,362] Pre-condition - Step 01: Open Browser: 'chrome' and navigate to 'http://demo.guru99.com/v4'
]]>
    </line>
    <line>
      <![CDATA[[INFO ] [2021-08-06 15:20:51,255] Pre-condition - Step 02: Get current Url
]]>
    </line>
    <line>
      <![CDATA[[INFO ] [2021-08-06 15:20:51,263] Pre-condition - Step 03: Click to 'here' link
]]>
    </line>
    <line>
      <![CDATA[[INFO ] [2021-08-06 15:20:53,009] Pre-condition - Step 04: Enter to 'Email ID' textbox
]]>
    </line>
    <line>
      <![CDATA[[INFO ] [2021-08-06 15:20:53,174] Pre-condition - Step 05: Click to 'Submit' button
]]>
    </line>
    <line>
      <![CDATA[[INFO ] [2021-08-06 15:20:54,066] Pre-condition - Step 06: Get 'User ID' value
]]>
    </line>
    <line>
      <![CDATA[[INFO ] [2021-08-06 15:20:54,121] Pre-condition - Step 07: Get 'Password' value
]]>
    </line>
    <line>
      <![CDATA[[INFO ] [2021-08-06 15:20:54,170] Pre-condition - Step 08: Back to LoginPage
]]>
    </line>
    <line>
      <![CDATA[[INFO ] [2021-08-06 15:20:55,718] Pre-condition - Step 09: Enter to 'UserID' textbox
]]>
    </line>
    <line>
      <![CDATA[[INFO ] [2021-08-06 15:20:55,918] Pre-condition - Step 10: Enter to 'Password' textbox
]]>
    </line>
    <line>
      <![CDATA[[INFO ] [2021-08-06 15:20:56,040] Pre-condition - Step 11: Click to 'Login' button
]]>
    </line>
    <line>
      <![CDATA[[INFO ] [2021-08-06 15:20:57,565] Pre-condition - Step 12: Verify login success message is displayed
]]>
    </line>
    <line>
      <![CDATA[[INFO ] [2021-08-06 15:20:57,767] Create_New_Customer - Step 01: Click to 'New Customer' Link
]]>
    </line>
    <line>
      <![CDATA[[INFO ] [2021-08-06 15:20:58,301] Create_New_Customer - Step 02: Input to 'Customer Name' textbox with valueOdis Murphy
]]>
    </line>
    <line>
      <![CDATA[[INFO ] [2021-08-06 15:20:58,442] Create_New_Customer - Step 03: Input to 'Date of Birth' textbox with value03/02/1998
]]>
    </line>
    <line>
      <![CDATA[[INFO ] [2021-08-06 15:20:58,571] Create_New_Customer - Step 04: Input to 'Address' textbox with value71759 Frederic Court
]]>
    </line>
    <line>
      <![CDATA[[INFO ] [2021-08-06 15:20:58,738] Create_New_Customer - Step 06: Input to 'City' textbox with valueWest Pablo
]]>
    </line>
    <line>
      <![CDATA[[INFO ] [2021-08-06 15:20:58,866] Create_New_Customer - Step 07: Input to 'State' textbox with valueTan Binh
]]>
    </line>
    <line>
      <![CDATA[[INFO ] [2021-08-06 15:20:58,994] Create_New_Customer - Step 08: Input to 'PIN' textbox with value123456
]]>
    </line>
    <line>
      <![CDATA[[INFO ] [2021-08-06 15:20:59,123] Create_New_Customer - Step 09: Input to 'Mobile Number' textbox with value0964123456
]]>
    </line>
    <line>
      <![CDATA[[INFO ] [2021-08-06 15:20:59,258] Create_New_Customer - Step 10: Input to 'E-mail' textbox with valuedwayne.beahan@gmail.com
]]>
    </line>
    <line>
      <![CDATA[[INFO ] [2021-08-06 15:20:59,412] Create_New_Customer - Step 11: Input to 'Password' textbox with valuer11psx6
]]>
    </line>
    <line>
      <![CDATA[[INFO ] [2021-08-06 15:20:59,530] Create_New_Customer - Step 12: Click to 'Submit' button
]]>
    </line>
    <line>
      <![CDATA[[INFO ] [2021-08-06 15:21:00,675] Create_New_Customer - Step 13: Verify success message is displayed with content 'Customer Registered Successfully!!!'
]]>
    </line>
    <line>
      <![CDATA[[INFO ] [2021-08-06 15:21:00,734]  -------------------------- PASSED -------------------------- 
]]>
    </line>
    <line>
      <![CDATA[[INFO ] [2021-08-06 15:21:00,734] Create_New_Customer - Step 14: Get 'Customer ID' text value
]]>
    </line>
    <line>
      <![CDATA[[INFO ] [2021-08-06 15:21:00,781] Create_New_Customer - Step 15: Verify New Customer information
]]>
    </line>
    <line>
      <![CDATA[[INFO ] [2021-08-06 15:21:01,270] Edit_Customer_Account - Step 01: Click to 'Edit Customer' Link
]]>
    </line>
    <line>
      <![CDATA[[INFO ] [2021-08-06 15:21:01,961] Edit_Customer_Account - Step 02: Input valid CustomerID
]]>
    </line>
    <line>
      <![CDATA[[INFO ] [2021-08-06 15:21:02,098] Edit_Customer_Account - Step 03: Click to Submitt button
]]>
    </line>
    <line>
      <![CDATA[[INFO ] [2021-08-06 15:21:02,840] Edit_Customer_Account - Step 04: Input new information for Edit Customer
]]>
    </line>
    <line>
      <![CDATA[[INFO ] [2021-08-06 15:21:03,637] Edit_Customer_Account - Step 05: Click to 'Submit' button
]]>
    </line>
    <line>
      <![CDATA[[INFO ] [2021-08-06 15:21:04,692] Edit_Customer_Account - Step 06: Verify login success message is displayed
]]>
    </line>
    <line>
      <![CDATA[[INFO ] [2021-08-06 15:21:04,749]  -------------------------- PASSED -------------------------- 
]]>
    </line>
    <line>
      <![CDATA[[INFO ] [2021-08-06 15:21:04,749] Edit_Customer_Account - Step 06: Verify Edit New Customer information
]]>
    </line>
    <line>
      <![CDATA[[INFO ] [2021-08-06 15:21:05,021] New_Account Create a new account - Step 01: Click to 'New Account' Link
]]>
    </line>
    <line>
      <![CDATA[[INFO ] [2021-08-06 15:21:05,528] New_Account Create a new account - Step 02: Input valid customerID to 'Customer ID' textbox
]]>
    </line>
    <line>
      <![CDATA[[INFO ] [2021-08-06 15:21:05,653] New_Account Create a new account - Step 03: Input to 'Initial_Deposit' textbox with valid value
]]>
    </line>
    <line>
      <![CDATA[[INFO ] [2021-08-06 15:21:05,777] New_Account Create a new account - Step 04: Click to 'Submit' button
]]>
    </line>
    <line>
      <![CDATA[[INFO ] [2021-08-06 15:21:06,856] New_Account Create a new account - Step 05: Verify success message is displayed
]]>
    </line>
    <line>
      <![CDATA[[INFO ] [2021-08-06 15:21:06,920]  -------------------------- PASSED -------------------------- 
]]>
    </line>
    <line>
      <![CDATA[[INFO ] [2021-08-06 15:21:06,920] New_Account Create a new account - Step 06: Verify 'Current Amount'
]]>
    </line>
    <line>
      <![CDATA[[INFO ] [2021-08-06 15:21:06,967] New_Account Create a new account - Step 07: Get 'Account ID'
]]>
    </line>
    <line>
      <![CDATA[[INFO ] [2021-08-06 15:21:07,022] Edit_Account with Type is Current - Step 01: Click to 'Edit Account' Link
]]>
    </line>
    <line>
      <![CDATA[[INFO ] [2021-08-06 15:21:07,731] Edit_Account with Type is Current - Step 02: Input valid AccountID to 'Account No'
]]>
    </line>
    <line>
      <![CDATA[[INFO ] [2021-08-06 15:21:07,863] Edit_Account with Type is Current - Step 03: Click to 'Submit' button
]]>
    </line>
    <line>
      <![CDATA[[INFO ] [2021-08-06 15:21:08,890] Edit_Account with Type is Current - Step 04: Select 'Current' option in 'Type of Account'
]]>
    </line>
    <line>
      <![CDATA[[INFO ] [2021-08-06 15:21:09,046] Edit_Account with Type is Current - Step 05: Click to 'Submit' button
]]>
    </line>
    <line>
      <![CDATA[[INFO ] [2021-08-06 15:21:10,078] Edit_Account with Type is Current - Step 06: Verify success message is displayed
]]>
    </line>
    <line>
      <![CDATA[[INFO ] [2021-08-06 15:21:10,136]  -------------------------- PASSED -------------------------- 
]]>
    </line>
    <line>
      <![CDATA[[INFO ] [2021-08-06 15:21:10,136] Edit_Account with Type is Current - Step 07: Verify 'Account Type' is changed to 'Current'
]]>
    </line>
    <line>
      <![CDATA[[INFO ] [2021-08-06 15:21:10,190] Transfer_Money to Current Account - Step 01: Click to 'Deposit' in left Menu
]]>
    </line>
    <line>
      <![CDATA[[INFO ] [2021-08-06 15:21:10,934] Transfer_Money to Current Account - Step 02: Input valid AccountID to 'Account No' textbox
]]>
    </line>
    <line>
      <![CDATA[[INFO ] [2021-08-06 15:21:11,062] Transfer_Money to Current Account - Step 03: Input valid Amount to 'Amount' textbox
]]>
    </line>
    <line>
      <![CDATA[[INFO ] [2021-08-06 15:21:11,187] Transfer_Money to Current Account - Step 04: Input valid Description to 'Description' textbox
]]>
    </line>
    <line>
      <![CDATA[[INFO ] [2021-08-06 15:21:11,309] Transfer_Money to Current Account - Step 05: Click to 'Submit' button
]]>
    </line>
    <line>
      <![CDATA[[INFO ] [2021-08-06 15:21:12,084] Transfer_Money to Current Account - Step 06: Verify tranfer message success
]]>
    </line>
    <line>
      <![CDATA[[INFO ] [2021-08-06 15:21:12,143] Transfer_Money to Current Account - Step 07: Verify Current Balance after transfer
]]>
    </line>
    <line>
      <![CDATA[[INFO ] [2021-08-06 15:21:12,195] Withdrawal_Money from Current Account - Step 01: Click to 'Withdrawal' in left Menu
]]>
    </line>
    <line>
      <![CDATA[[INFO ] [2021-08-06 15:21:12,956] Withdrawal_Money from Current Account - Step 02: Verify 'Amount Withdrawal Form' heading is displayed
]]>
    </line>
    <line>
      <![CDATA[[INFO ] [2021-08-06 15:21:13,018]  -------------------------- PASSED -------------------------- 
]]>
    </line>
    <line>
      <![CDATA[[INFO ] [2021-08-06 15:21:13,018] Withdrawal_Money from Current Account - Step 03: Input valid AccountID to 'Account No' textbox
]]>
    </line>
    <line>
      <![CDATA[[INFO ] [2021-08-06 15:21:13,131] Withdrawal_Money from Current Account - Step 04: Input valid Amount to 'Amount' textbox
]]>
    </line>
    <line>
      <![CDATA[[INFO ] [2021-08-06 15:21:13,244] Withdrawal_Money from Current Account - Step 05: Input valid Description to 'Description' textbox
]]>
    </line>
    <line>
      <![CDATA[[INFO ] [2021-08-06 15:21:13,373] Withdrawal_Money from Current Account - Step 06: Click to 'Submit' button
]]>
    </line>
    <line>
      <![CDATA[[INFO ] [2021-08-06 15:21:14,447] Withdrawal_Money from Current Account - Step 07: Verify tranfer message success
]]>
    </line>
    <line>
      <![CDATA[[INFO ] [2021-08-06 15:21:14,499] Withdrawal_Money from Current Account - Step 08: Verify Current Balance after transfer
]]>
    </line>
    <line>
      <![CDATA[[INFO ] [2021-08-06 15:21:14,545] Transfer_Money_To_Another_Account add another account - Step 01: Click to 'New Account' Link
]]>
    </line>
    <line>
      <![CDATA[[INFO ] [2021-08-06 15:21:14,712] Transfer_Money_To_Another_Account add another account - Step 02: Input valid customerID to 'Customer ID' textbox
]]>
    </line>
    <line>
      <![CDATA[[INFO ] [2021-08-06 15:21:14,831] Transfer_Money_To_Another_Account add another account - Step 03: Input to 'Initial_Deposit' textbox with valid value
]]>
    </line>
    <line>
      <![CDATA[[INFO ] [2021-08-06 15:21:14,945] Transfer_Money_To_Another_Account add another account - Step 04: Click to 'Submit' button
]]>
    </line>
    <line>
      <![CDATA[[INFO ] [2021-08-06 15:21:16,069] Transfer_Money_To_Another_Account add another account - Step 05: Verify success message is displayed
]]>
    </line>
    <line>
      <![CDATA[[INFO ] [2021-08-06 15:21:16,136]  -------------------------- PASSED -------------------------- 
]]>
    </line>
    <line>
      <![CDATA[[INFO ] [2021-08-06 15:21:16,136] Transfer_Money_To_Another_Account add another account - Step 06: Get 'Account ID'
]]>
    </line>
    <line>
      <![CDATA[[INFO ] [2021-08-06 15:21:16,225] Transfer_Money_To_Another_Account - Step 07: Click to 'Fund Transfer' Link
]]>
    </line>
    <line>
      <![CDATA[[INFO ] [2021-08-06 15:21:17,239] Transfer_Money_To_Another_Account - Step 08: Verify 'Fund transfer' heading is displayed
]]>
    </line>
    <line>
      <![CDATA[[INFO ] [2021-08-06 15:21:17,318]  -------------------------- PASSED -------------------------- 
]]>
    </line>
    <line>
      <![CDATA[[INFO ] [2021-08-06 15:21:17,318] Transfer_Money_To_Another_Account - Step 09: Input valid AccountID 'Payers account no'
]]>
    </line>
    <line>
      <![CDATA[[INFO ] [2021-08-06 15:21:17,465] Transfer_Money_To_Another_Account - Step 10: Input valid AccountID 'Payees account no'
]]>
    </line>
    <line>
      <![CDATA[[INFO ] [2021-08-06 15:21:17,620] Transfer_Money_To_Another_Account - Step 11: Input valid value to 'Amount'
]]>
    </line>
    <line>
      <![CDATA[[INFO ] [2021-08-06 15:21:17,769] Transfer_Money_To_Another_Account - Step 12: Input valid Description to 'Description' textbox
]]>
    </line>
    <line>
      <![CDATA[[INFO ] [2021-08-06 15:21:17,918] Transfer_Money_To_Another_Account - Step 13: Click to 'Submit' button
]]>
    </line>
    <line>
      <![CDATA[[INFO ] [2021-08-06 15:21:18,728] Transfer_Money_To_Another_Account - Step 14: Verify 'Fund Transfer Details' heading is displayed
]]>
    </line>
    <line>
      <![CDATA[[INFO ] [2021-08-06 15:21:18,796]  -------------------------- PASSED -------------------------- 
]]>
    </line>
    <line>
      <![CDATA[[INFO ] [2021-08-06 15:21:18,796] Transfer_Money_To_Another_Account - Step 15: Verify 'Amount' is correct
]]>
    </line>
    <line>
      <![CDATA[[INFO ] [2021-08-06 15:21:18,879] Check_Current_Account_Balance - Step 01: Click to 'Balance Enquiry' Link
]]>
    </line>
    <line>
      <![CDATA[[INFO ] [2021-08-06 15:21:19,659] Check_Current_Account_Balance - Step 02: Verify 'Balance Enquiry Form' heading is displayed
]]>
    </line>
    <line>
      <![CDATA[[INFO ] [2021-08-06 15:21:19,720]  -------------------------- PASSED -------------------------- 
]]>
    </line>
    <line>
      <![CDATA[[INFO ] [2021-08-06 15:21:19,720] Check_Current_Account_Balance - Step 03: Input valid AccountID to 'Account No'
]]>
    </line>
    <line>
      <![CDATA[[INFO ] [2021-08-06 15:21:19,837] Check_Current_Account_Balance - Step 04: Click to 'Submit' button
]]>
    </line>
    <line>
      <![CDATA[[INFO ] [2021-08-06 15:21:20,897] Check_Current_Account_Balance - Step 05: Verify 'Balance Details' heading is displayed
]]>
    </line>
    <line>
      <![CDATA[[INFO ] [2021-08-06 15:21:20,941] Check_Current_Account_Balance - Step 06: Verify 'Balance' is correct
]]>
    </line>
    <line>
      <![CDATA[[INFO ] [2021-08-06 15:21:21,002] Delete_Account - Step 01: Click to 'Delete Account' label in the left Menu
]]>
    </line>
    <line>
      <![CDATA[[INFO ] [2021-08-06 15:21:21,722] Delete_Account - Step 02: Verify 'Delete Account Form' heading is displayed
]]>
    </line>
    <line>
      <![CDATA[[INFO ] [2021-08-06 15:21:21,776]  -------------------------- PASSED -------------------------- 
]]>
    </line>
    <line>
      <![CDATA[[INFO ] [2021-08-06 15:21:21,777] Delete_Account - Step 03: Input valid AccountID to 'Account No'
]]>
    </line>
    <line>
      <![CDATA[[INFO ] [2021-08-06 15:21:21,885] Delete_Account - Step 04: Click to 'Submit' button
]]>
    </line>
    <line>
      <![CDATA[[INFO ] [2021-08-06 15:21:21,967] Delete_Account - Step 05: Accept and verify Alert
]]>
    </line>
    <line>
      <![CDATA[[INFO ] [2021-08-06 15:21:22,395] Delete_Account - Step 06: Click to 'Edit Account' label in the left Menu
]]>
    </line>
    <line>
      <![CDATA[[INFO ] [2021-08-06 15:21:23,491] Delete_Account - Step 07: Verify 'Edit Account Form' heading is displayed
]]>
    </line>
    <line>
      <![CDATA[[INFO ] [2021-08-06 15:21:23,550]  -------------------------- PASSED -------------------------- 
]]>
    </line>
    <line>
      <![CDATA[[INFO ] [2021-08-06 15:21:23,551] Delete_Account - Step 08: Input valid AccountID to 'Account No'
]]>
    </line>
    <line>
      <![CDATA[[INFO ] [2021-08-06 15:21:23,665] Delete_Account - Step 09: Click to 'Submit' button
]]>
    </line>
    <line>
      <![CDATA[[INFO ] [2021-08-06 15:21:24,105] Delete_Account - Step 10: Accept to Alert and verify 'Account does not exist' is displayed
]]>
    </line>
    <line>
      <![CDATA[[INFO ] [2021-08-06 15:21:24,118] Delete_Account2 - Step 01: Click to 'Delete Account' label in the left Menu
]]>
    </line>
    <line>
      <![CDATA[[INFO ] [2021-08-06 15:21:24,905] Delete_Account2 - Step 02: Verify 'Delete Account Form' heading is displayed
]]>
    </line>
    <line>
      <![CDATA[[INFO ] [2021-08-06 15:21:24,954]  -------------------------- PASSED -------------------------- 
]]>
    </line>
    <line>
      <![CDATA[[INFO ] [2021-08-06 15:21:24,954] Delete_Account2 - Step 03: Input valid AccountID to 'Account No'
]]>
    </line>
    <line>
      <![CDATA[[INFO ] [2021-08-06 15:21:25,070] Delete_Account2 - Step 04: Click to 'Submit' button
]]>
    </line>
    <line>
      <![CDATA[[INFO ] [2021-08-06 15:21:25,156] Delete_Account2 - Step 05: Accept and verify Alert
]]>
    </line>
    <line>
      <![CDATA[[INFO ] [2021-08-06 15:21:25,575] Delete_Account2 - Step 06: Click to 'Edit Account' label in the left Menu
]]>
    </line>
    <line>
      <![CDATA[[INFO ] [2021-08-06 15:21:26,681] Delete_Account2 - Step 07: Verify 'Edit Account Form' heading is displayed
]]>
    </line>
    <line>
      <![CDATA[[INFO ] [2021-08-06 15:21:26,732]  -------------------------- PASSED -------------------------- 
]]>
    </line>
    <line>
      <![CDATA[[INFO ] [2021-08-06 15:21:26,732] Delete_Account2 - Step 08: Input valid AccountID to 'Account No'
]]>
    </line>
    <line>
      <![CDATA[[INFO ] [2021-08-06 15:21:26,840] Delete_Account2 - Step 09: Click to 'Submit' button
]]>
    </line>
    <line>
      <![CDATA[[INFO ] [2021-08-06 15:21:27,255] Delete_Account2 - Step 10: Accept to Alert and verify 'Account does not exist' is displayed
]]>
    </line>
    <line>
      <![CDATA[[INFO ] [2021-08-06 15:21:27,277] Delete_Customer - Step 01: Click to 'Delete Customer' label in the left Menu
]]>
    </line>
    <line>
      <![CDATA[[INFO ] [2021-08-06 15:21:28,644] Delete_Customer - Step 02: Verify 'Delete Customer Form' heading is displayed
]]>
    </line>
    <line>
      <![CDATA[[INFO ] [2021-08-06 15:21:28,705]  -------------------------- PASSED -------------------------- 
]]>
    </line>
    <line>
      <![CDATA[[INFO ] [2021-08-06 15:21:28,705] Delete_Customer - Step 03: Input valid CustomerID to 'Customer ID'
]]>
    </line>
    <line>
      <![CDATA[[INFO ] [2021-08-06 15:21:28,822] Delete_Customer - Step 04: Click to 'Submit' button
]]>
    </line>
    <line>
      <![CDATA[[INFO ] [2021-08-06 15:21:33,916] Delete_Customer - Step 05: Accept and verify Alert
]]>
    </line>
    <line>
      <![CDATA[[INFO ] [2021-08-06 15:21:43,961] Delete_Customer - Step 06: Click to 'Delete Customer' label in the left Menu
]]>
    </line>
    <line>
      <![CDATA[[INFO ] [2021-08-06 15:21:44,390] Delete_Customer - Step 07: Verify 'Delete Customer Form' heading is displayed
]]>
    </line>
    <line>
      <![CDATA[[INFO ] [2021-08-06 15:21:44,456]  -------------------------- PASSED -------------------------- 
]]>
    </line>
    <line>
      <![CDATA[[INFO ] [2021-08-06 15:21:44,456] Delete_Customer - Step 08: Input valid CustomerID to 'CustomerID'
]]>
    </line>
    <line>
      <![CDATA[[INFO ] [2021-08-06 15:21:44,586] Delete_Customer - Step 09: Click to 'Submit' button
]]>
    </line>
    <line>
      <![CDATA[[INFO ] [2021-08-06 15:21:44,674] Delete_Customer - Step 10: Accept to Alert and verify 'Account does not exist' is displayed
]]>
    </line>
    <line>
      <![CDATA[[INFO ] [2021-08-06 15:21:45,036] OS name = windows 10
]]>
    </line>
    <line>
      <![CDATA[[INFO ] [2021-08-06 15:21:46,431] ---------- QUIT BROWSER SUCCESS ----------
]]>
    </line>
  </reporter-output>
  <suite started-at="2021-08-06T08:20:44Z" name="Customer" finished-at="2021-08-06T08:21:46Z" duration-ms="61763">
    <groups>
    </groups>
    <test started-at="2021-08-06T08:20:44Z" name="Run on chrome" finished-at="2021-08-06T08:21:46Z" duration-ms="61763">
      <class name="bankguru.customer.Customer_11_Payment">
        <test-method is-config="true" signature="deleteAllFileInReportNGScreenShot()[pri:0, instance:bankguru.customer.Customer_11_Payment@118102ee]" started-at="2021-08-06T08:20:44Z" name="deleteAllFileInReportNGScreenShot" finished-at="2021-08-06T08:20:44Z" duration-ms="42" status="PASS">
          <reporter-output>
          </reporter-output>
        </test-method> <!-- deleteAllFileInReportNGScreenShot -->
        <test-method is-config="true" signature="beforeClass(java.lang.String, java.lang.String)[pri:0, instance:bankguru.customer.Customer_11_Payment@118102ee]" started-at="2021-08-06T08:20:44Z" name="beforeClass" finished-at="2021-08-06T08:20:57Z" duration-ms="12747" status="PASS">
          <params>
            <param index="0">
              <value>
                <![CDATA[chrome]]>
              </value>
            </param>
            <param index="1">
              <value>
                <![CDATA[http://demo.guru99.com/v4]]>
              </value>
            </param>
          </params>
          <reporter-output>
            <line>
              <![CDATA[[INFO ] [2021-08-06 15:20:45,362] Pre-condition - Step 01: Open Browser: 'chrome' and navigate to 'http://demo.guru99.com/v4'
]]>
            </line>
            <line>
              <![CDATA[[INFO ] [2021-08-06 15:20:51,255] Pre-condition - Step 02: Get current Url
]]>
            </line>
            <line>
              <![CDATA[[INFO ] [2021-08-06 15:20:51,263] Pre-condition - Step 03: Click to 'here' link
]]>
            </line>
            <line>
              <![CDATA[[INFO ] [2021-08-06 15:20:53,009] Pre-condition - Step 04: Enter to 'Email ID' textbox
]]>
            </line>
            <line>
              <![CDATA[[INFO ] [2021-08-06 15:20:53,174] Pre-condition - Step 05: Click to 'Submit' button
]]>
            </line>
            <line>
              <![CDATA[[INFO ] [2021-08-06 15:20:54,066] Pre-condition - Step 06: Get 'User ID' value
]]>
            </line>
            <line>
              <![CDATA[[INFO ] [2021-08-06 15:20:54,121] Pre-condition - Step 07: Get 'Password' value
]]>
            </line>
            <line>
              <![CDATA[[INFO ] [2021-08-06 15:20:54,170] Pre-condition - Step 08: Back to LoginPage
]]>
            </line>
            <line>
              <![CDATA[[INFO ] [2021-08-06 15:20:55,718] Pre-condition - Step 09: Enter to 'UserID' textbox
]]>
            </line>
            <line>
              <![CDATA[[INFO ] [2021-08-06 15:20:55,918] Pre-condition - Step 10: Enter to 'Password' textbox
]]>
            </line>
            <line>
              <![CDATA[[INFO ] [2021-08-06 15:20:56,040] Pre-condition - Step 11: Click to 'Login' button
]]>
            </line>
            <line>
              <![CDATA[[INFO ] [2021-08-06 15:20:57,565] Pre-condition - Step 12: Verify login success message is displayed
]]>
            </line>
          </reporter-output>
        </test-method> <!-- beforeClass -->
        <test-method signature="Tc_01_Create_New_Customer_And_Check_Created_Successfully()[pri:0, instance:bankguru.customer.Customer_11_Payment@118102ee]" started-at="2021-08-06T08:20:57Z" name="Tc_01_Create_New_Customer_And_Check_Created_Successfully" finished-at="2021-08-06T08:21:01Z" duration-ms="3463" status="PASS">
          <reporter-output>
            <line>
              <![CDATA[[INFO ] [2021-08-06 15:20:57,767] Create_New_Customer - Step 01: Click to 'New Customer' Link
]]>
            </line>
            <line>
              <![CDATA[[INFO ] [2021-08-06 15:20:58,301] Create_New_Customer - Step 02: Input to 'Customer Name' textbox with valueOdis Murphy
]]>
            </line>
            <line>
              <![CDATA[[INFO ] [2021-08-06 15:20:58,442] Create_New_Customer - Step 03: Input to 'Date of Birth' textbox with value03/02/1998
]]>
            </line>
            <line>
              <![CDATA[[INFO ] [2021-08-06 15:20:58,571] Create_New_Customer - Step 04: Input to 'Address' textbox with value71759 Frederic Court
]]>
            </line>
            <line>
              <![CDATA[[INFO ] [2021-08-06 15:20:58,738] Create_New_Customer - Step 06: Input to 'City' textbox with valueWest Pablo
]]>
            </line>
            <line>
              <![CDATA[[INFO ] [2021-08-06 15:20:58,866] Create_New_Customer - Step 07: Input to 'State' textbox with valueTan Binh
]]>
            </line>
            <line>
              <![CDATA[[INFO ] [2021-08-06 15:20:58,994] Create_New_Customer - Step 08: Input to 'PIN' textbox with value123456
]]>
            </line>
            <line>
              <![CDATA[[INFO ] [2021-08-06 15:20:59,123] Create_New_Customer - Step 09: Input to 'Mobile Number' textbox with value0964123456
]]>
            </line>
            <line>
              <![CDATA[[INFO ] [2021-08-06 15:20:59,258] Create_New_Customer - Step 10: Input to 'E-mail' textbox with valuedwayne.beahan@gmail.com
]]>
            </line>
            <line>
              <![CDATA[[INFO ] [2021-08-06 15:20:59,412] Create_New_Customer - Step 11: Input to 'Password' textbox with valuer11psx6
]]>
            </line>
            <line>
              <![CDATA[[INFO ] [2021-08-06 15:20:59,530] Create_New_Customer - Step 12: Click to 'Submit' button
]]>
            </line>
            <line>
              <![CDATA[[INFO ] [2021-08-06 15:21:00,675] Create_New_Customer - Step 13: Verify success message is displayed with content 'Customer Registered Successfully!!!'
]]>
            </line>
            <line>
              <![CDATA[[INFO ] [2021-08-06 15:21:00,734]  -------------------------- PASSED -------------------------- 
]]>
            </line>
            <line>
              <![CDATA[[INFO ] [2021-08-06 15:21:00,734] Create_New_Customer - Step 14: Get 'Customer ID' text value
]]>
            </line>
            <line>
              <![CDATA[[INFO ] [2021-08-06 15:21:00,781] Create_New_Customer - Step 15: Verify New Customer information
]]>
            </line>
          </reporter-output>
        </test-method> <!-- Tc_01_Create_New_Customer_And_Check_Created_Successfully -->
        <test-method signature="Tc_02_Edit_Customer_Account_And_Check_Edited_Successfully()[pri:0, instance:bankguru.customer.Customer_11_Payment@118102ee]" started-at="2021-08-06T08:21:01Z" name="Tc_02_Edit_Customer_Account_And_Check_Edited_Successfully" finished-at="2021-08-06T08:21:05Z" duration-ms="3739" status="PASS">
          <reporter-output>
            <line>
              <![CDATA[[INFO ] [2021-08-06 15:21:01,270] Edit_Customer_Account - Step 01: Click to 'Edit Customer' Link
]]>
            </line>
            <line>
              <![CDATA[[INFO ] [2021-08-06 15:21:01,961] Edit_Customer_Account - Step 02: Input valid CustomerID
]]>
            </line>
            <line>
              <![CDATA[[INFO ] [2021-08-06 15:21:02,098] Edit_Customer_Account - Step 03: Click to Submitt button
]]>
            </line>
            <line>
              <![CDATA[[INFO ] [2021-08-06 15:21:02,840] Edit_Customer_Account - Step 04: Input new information for Edit Customer
]]>
            </line>
            <line>
              <![CDATA[[INFO ] [2021-08-06 15:21:03,637] Edit_Customer_Account - Step 05: Click to 'Submit' button
]]>
            </line>
            <line>
              <![CDATA[[INFO ] [2021-08-06 15:21:04,692] Edit_Customer_Account - Step 06: Verify login success message is displayed
]]>
            </line>
            <line>
              <![CDATA[[INFO ] [2021-08-06 15:21:04,749]  -------------------------- PASSED -------------------------- 
]]>
            </line>
            <line>
              <![CDATA[[INFO ] [2021-08-06 15:21:04,749] Edit_Customer_Account - Step 06: Verify Edit New Customer information
]]>
            </line>
          </reporter-output>
        </test-method> <!-- Tc_02_Edit_Customer_Account_And_Check_Edited_Successfully -->
        <test-method signature="Tc_03_Add_New_Account_And_Check_Created_Successfully()[pri:0, instance:bankguru.customer.Customer_11_Payment@118102ee]" started-at="2021-08-06T08:21:05Z" name="Tc_03_Add_New_Account_And_Check_Created_Successfully" finished-at="2021-08-06T08:21:07Z" duration-ms="1998" status="PASS">
          <reporter-output>
            <line>
              <![CDATA[[INFO ] [2021-08-06 15:21:05,021] New_Account Create a new account - Step 01: Click to 'New Account' Link
]]>
            </line>
            <line>
              <![CDATA[[INFO ] [2021-08-06 15:21:05,528] New_Account Create a new account - Step 02: Input valid customerID to 'Customer ID' textbox
]]>
            </line>
            <line>
              <![CDATA[[INFO ] [2021-08-06 15:21:05,653] New_Account Create a new account - Step 03: Input to 'Initial_Deposit' textbox with valid value
]]>
            </line>
            <line>
              <![CDATA[[INFO ] [2021-08-06 15:21:05,777] New_Account Create a new account - Step 04: Click to 'Submit' button
]]>
            </line>
            <line>
              <![CDATA[[INFO ] [2021-08-06 15:21:06,856] New_Account Create a new account - Step 05: Verify success message is displayed
]]>
            </line>
            <line>
              <![CDATA[[INFO ] [2021-08-06 15:21:06,920]  -------------------------- PASSED -------------------------- 
]]>
            </line>
            <line>
              <![CDATA[[INFO ] [2021-08-06 15:21:06,920] New_Account Create a new account - Step 06: Verify 'Current Amount'
]]>
            </line>
            <line>
              <![CDATA[[INFO ] [2021-08-06 15:21:06,967] New_Account Create a new account - Step 07: Get 'Account ID'
]]>
            </line>
          </reporter-output>
        </test-method> <!-- Tc_03_Add_New_Account_And_Check_Created_Successfully -->
        <test-method signature="Tc_04_Edit_Account_With_Type_Of_Account_Is_Current()[pri:0, instance:bankguru.customer.Customer_11_Payment@118102ee]" started-at="2021-08-06T08:21:07Z" name="Tc_04_Edit_Account_With_Type_Of_Account_Is_Current" finished-at="2021-08-06T08:21:10Z" duration-ms="3165" status="PASS">
          <reporter-output>
            <line>
              <![CDATA[[INFO ] [2021-08-06 15:21:07,022] Edit_Account with Type is Current - Step 01: Click to 'Edit Account' Link
]]>
            </line>
            <line>
              <![CDATA[[INFO ] [2021-08-06 15:21:07,731] Edit_Account with Type is Current - Step 02: Input valid AccountID to 'Account No'
]]>
            </line>
            <line>
              <![CDATA[[INFO ] [2021-08-06 15:21:07,863] Edit_Account with Type is Current - Step 03: Click to 'Submit' button
]]>
            </line>
            <line>
              <![CDATA[[INFO ] [2021-08-06 15:21:08,890] Edit_Account with Type is Current - Step 04: Select 'Current' option in 'Type of Account'
]]>
            </line>
            <line>
              <![CDATA[[INFO ] [2021-08-06 15:21:09,046] Edit_Account with Type is Current - Step 05: Click to 'Submit' button
]]>
            </line>
            <line>
              <![CDATA[[INFO ] [2021-08-06 15:21:10,078] Edit_Account with Type is Current - Step 06: Verify success message is displayed
]]>
            </line>
            <line>
              <![CDATA[[INFO ] [2021-08-06 15:21:10,136]  -------------------------- PASSED -------------------------- 
]]>
            </line>
            <line>
              <![CDATA[[INFO ] [2021-08-06 15:21:10,136] Edit_Account with Type is Current - Step 07: Verify 'Account Type' is changed to 'Current'
]]>
            </line>
          </reporter-output>
        </test-method> <!-- Tc_04_Edit_Account_With_Type_Of_Account_Is_Current -->
        <test-method signature="Tc_05_Transfer_Money_To_Current_Account()[pri:0, instance:bankguru.customer.Customer_11_Payment@118102ee]" started-at="2021-08-06T08:21:10Z" name="Tc_05_Transfer_Money_To_Current_Account" finished-at="2021-08-06T08:21:12Z" duration-ms="2004" status="PASS">
          <reporter-output>
            <line>
              <![CDATA[[INFO ] [2021-08-06 15:21:10,190] Transfer_Money to Current Account - Step 01: Click to 'Deposit' in left Menu
]]>
            </line>
            <line>
              <![CDATA[[INFO ] [2021-08-06 15:21:10,934] Transfer_Money to Current Account - Step 02: Input valid AccountID to 'Account No' textbox
]]>
            </line>
            <line>
              <![CDATA[[INFO ] [2021-08-06 15:21:11,062] Transfer_Money to Current Account - Step 03: Input valid Amount to 'Amount' textbox
]]>
            </line>
            <line>
              <![CDATA[[INFO ] [2021-08-06 15:21:11,187] Transfer_Money to Current Account - Step 04: Input valid Description to 'Description' textbox
]]>
            </line>
            <line>
              <![CDATA[[INFO ] [2021-08-06 15:21:11,309] Transfer_Money to Current Account - Step 05: Click to 'Submit' button
]]>
            </line>
            <line>
              <![CDATA[[INFO ] [2021-08-06 15:21:12,084] Transfer_Money to Current Account - Step 06: Verify tranfer message success
]]>
            </line>
            <line>
              <![CDATA[[INFO ] [2021-08-06 15:21:12,143] Transfer_Money to Current Account - Step 07: Verify Current Balance after transfer
]]>
            </line>
          </reporter-output>
        </test-method> <!-- Tc_05_Transfer_Money_To_Current_Account -->
        <test-method signature="Tc_06_Withdrawal_Money_From_Current_Account_And_Check_Account_Balance()[pri:0, instance:bankguru.customer.Customer_11_Payment@118102ee]" started-at="2021-08-06T08:21:12Z" name="Tc_06_Withdrawal_Money_From_Current_Account_And_Check_Account_Balance" finished-at="2021-08-06T08:21:14Z" duration-ms="2348" status="PASS">
          <reporter-output>
            <line>
              <![CDATA[[INFO ] [2021-08-06 15:21:12,195] Withdrawal_Money from Current Account - Step 01: Click to 'Withdrawal' in left Menu
]]>
            </line>
            <line>
              <![CDATA[[INFO ] [2021-08-06 15:21:12,956] Withdrawal_Money from Current Account - Step 02: Verify 'Amount Withdrawal Form' heading is displayed
]]>
            </line>
            <line>
              <![CDATA[[INFO ] [2021-08-06 15:21:13,018]  -------------------------- PASSED -------------------------- 
]]>
            </line>
            <line>
              <![CDATA[[INFO ] [2021-08-06 15:21:13,018] Withdrawal_Money from Current Account - Step 03: Input valid AccountID to 'Account No' textbox
]]>
            </line>
            <line>
              <![CDATA[[INFO ] [2021-08-06 15:21:13,131] Withdrawal_Money from Current Account - Step 04: Input valid Amount to 'Amount' textbox
]]>
            </line>
            <line>
              <![CDATA[[INFO ] [2021-08-06 15:21:13,244] Withdrawal_Money from Current Account - Step 05: Input valid Description to 'Description' textbox
]]>
            </line>
            <line>
              <![CDATA[[INFO ] [2021-08-06 15:21:13,373] Withdrawal_Money from Current Account - Step 06: Click to 'Submit' button
]]>
            </line>
            <line>
              <![CDATA[[INFO ] [2021-08-06 15:21:14,447] Withdrawal_Money from Current Account - Step 07: Verify tranfer message success
]]>
            </line>
            <line>
              <![CDATA[[INFO ] [2021-08-06 15:21:14,499] Withdrawal_Money from Current Account - Step 08: Verify Current Balance after transfer
]]>
            </line>
          </reporter-output>
        </test-method> <!-- Tc_06_Withdrawal_Money_From_Current_Account_And_Check_Account_Balance -->
        <test-method signature="Tc_07_Transfer_Money_To_Another_Account_And_Check_Amount()[pri:0, instance:bankguru.customer.Customer_11_Payment@118102ee]" started-at="2021-08-06T08:21:14Z" name="Tc_07_Transfer_Money_To_Another_Account_And_Check_Amount" finished-at="2021-08-06T08:21:18Z" duration-ms="4330" status="PASS">
          <reporter-output>
            <line>
              <![CDATA[[INFO ] [2021-08-06 15:21:14,545] Transfer_Money_To_Another_Account add another account - Step 01: Click to 'New Account' Link
]]>
            </line>
            <line>
              <![CDATA[[INFO ] [2021-08-06 15:21:14,712] Transfer_Money_To_Another_Account add another account - Step 02: Input valid customerID to 'Customer ID' textbox
]]>
            </line>
            <line>
              <![CDATA[[INFO ] [2021-08-06 15:21:14,831] Transfer_Money_To_Another_Account add another account - Step 03: Input to 'Initial_Deposit' textbox with valid value
]]>
            </line>
            <line>
              <![CDATA[[INFO ] [2021-08-06 15:21:14,945] Transfer_Money_To_Another_Account add another account - Step 04: Click to 'Submit' button
]]>
            </line>
            <line>
              <![CDATA[[INFO ] [2021-08-06 15:21:16,069] Transfer_Money_To_Another_Account add another account - Step 05: Verify success message is displayed
]]>
            </line>
            <line>
              <![CDATA[[INFO ] [2021-08-06 15:21:16,136]  -------------------------- PASSED -------------------------- 
]]>
            </line>
            <line>
              <![CDATA[[INFO ] [2021-08-06 15:21:16,136] Transfer_Money_To_Another_Account add another account - Step 06: Get 'Account ID'
]]>
            </line>
            <line>
              <![CDATA[[INFO ] [2021-08-06 15:21:16,225] Transfer_Money_To_Another_Account - Step 07: Click to 'Fund Transfer' Link
]]>
            </line>
            <line>
              <![CDATA[[INFO ] [2021-08-06 15:21:17,239] Transfer_Money_To_Another_Account - Step 08: Verify 'Fund transfer' heading is displayed
]]>
            </line>
            <line>
              <![CDATA[[INFO ] [2021-08-06 15:21:17,318]  -------------------------- PASSED -------------------------- 
]]>
            </line>
            <line>
              <![CDATA[[INFO ] [2021-08-06 15:21:17,318] Transfer_Money_To_Another_Account - Step 09: Input valid AccountID 'Payers account no'
]]>
            </line>
            <line>
              <![CDATA[[INFO ] [2021-08-06 15:21:17,465] Transfer_Money_To_Another_Account - Step 10: Input valid AccountID 'Payees account no'
]]>
            </line>
            <line>
              <![CDATA[[INFO ] [2021-08-06 15:21:17,620] Transfer_Money_To_Another_Account - Step 11: Input valid value to 'Amount'
]]>
            </line>
            <line>
              <![CDATA[[INFO ] [2021-08-06 15:21:17,769] Transfer_Money_To_Another_Account - Step 12: Input valid Description to 'Description' textbox
]]>
            </line>
            <line>
              <![CDATA[[INFO ] [2021-08-06 15:21:17,918] Transfer_Money_To_Another_Account - Step 13: Click to 'Submit' button
]]>
            </line>
            <line>
              <![CDATA[[INFO ] [2021-08-06 15:21:18,728] Transfer_Money_To_Another_Account - Step 14: Verify 'Fund Transfer Details' heading is displayed
]]>
            </line>
            <line>
              <![CDATA[[INFO ] [2021-08-06 15:21:18,796]  -------------------------- PASSED -------------------------- 
]]>
            </line>
            <line>
              <![CDATA[[INFO ] [2021-08-06 15:21:18,796] Transfer_Money_To_Another_Account - Step 15: Verify 'Amount' is correct
]]>
            </line>
          </reporter-output>
        </test-method> <!-- Tc_07_Transfer_Money_To_Another_Account_And_Check_Amount -->
        <test-method signature="Tc_08_Check_Current_Account_Balance()[pri:0, instance:bankguru.customer.Customer_11_Payment@118102ee]" started-at="2021-08-06T08:21:18Z" name="Tc_08_Check_Current_Account_Balance" finished-at="2021-08-06T08:21:20Z" duration-ms="2111" status="PASS">
          <reporter-output>
            <line>
              <![CDATA[[INFO ] [2021-08-06 15:21:18,879] Check_Current_Account_Balance - Step 01: Click to 'Balance Enquiry' Link
]]>
            </line>
            <line>
              <![CDATA[[INFO ] [2021-08-06 15:21:19,659] Check_Current_Account_Balance - Step 02: Verify 'Balance Enquiry Form' heading is displayed
]]>
            </line>
            <line>
              <![CDATA[[INFO ] [2021-08-06 15:21:19,720]  -------------------------- PASSED -------------------------- 
]]>
            </line>
            <line>
              <![CDATA[[INFO ] [2021-08-06 15:21:19,720] Check_Current_Account_Balance - Step 03: Input valid AccountID to 'Account No'
]]>
            </line>
            <line>
              <![CDATA[[INFO ] [2021-08-06 15:21:19,837] Check_Current_Account_Balance - Step 04: Click to 'Submit' button
]]>
            </line>
            <line>
              <![CDATA[[INFO ] [2021-08-06 15:21:20,897] Check_Current_Account_Balance - Step 05: Verify 'Balance Details' heading is displayed
]]>
            </line>
            <line>
              <![CDATA[[INFO ] [2021-08-06 15:21:20,941] Check_Current_Account_Balance - Step 06: Verify 'Balance' is correct
]]>
            </line>
          </reporter-output>
        </test-method> <!-- Tc_08_Check_Current_Account_Balance -->
        <test-method signature="Tc_09_Delete_Account_And_Check_Delete_Succesfully()[pri:0, instance:bankguru.customer.Customer_11_Payment@118102ee]" started-at="2021-08-06T08:21:20Z" name="Tc_09_Delete_Account_And_Check_Delete_Succesfully" finished-at="2021-08-06T08:21:27Z" duration-ms="6267" status="PASS">
          <reporter-output>
            <line>
              <![CDATA[[INFO ] [2021-08-06 15:21:21,002] Delete_Account - Step 01: Click to 'Delete Account' label in the left Menu
]]>
            </line>
            <line>
              <![CDATA[[INFO ] [2021-08-06 15:21:21,722] Delete_Account - Step 02: Verify 'Delete Account Form' heading is displayed
]]>
            </line>
            <line>
              <![CDATA[[INFO ] [2021-08-06 15:21:21,776]  -------------------------- PASSED -------------------------- 
]]>
            </line>
            <line>
              <![CDATA[[INFO ] [2021-08-06 15:21:21,777] Delete_Account - Step 03: Input valid AccountID to 'Account No'
]]>
            </line>
            <line>
              <![CDATA[[INFO ] [2021-08-06 15:21:21,885] Delete_Account - Step 04: Click to 'Submit' button
]]>
            </line>
            <line>
              <![CDATA[[INFO ] [2021-08-06 15:21:21,967] Delete_Account - Step 05: Accept and verify Alert
]]>
            </line>
            <line>
              <![CDATA[[INFO ] [2021-08-06 15:21:22,395] Delete_Account - Step 06: Click to 'Edit Account' label in the left Menu
]]>
            </line>
            <line>
              <![CDATA[[INFO ] [2021-08-06 15:21:23,491] Delete_Account - Step 07: Verify 'Edit Account Form' heading is displayed
]]>
            </line>
            <line>
              <![CDATA[[INFO ] [2021-08-06 15:21:23,550]  -------------------------- PASSED -------------------------- 
]]>
            </line>
            <line>
              <![CDATA[[INFO ] [2021-08-06 15:21:23,551] Delete_Account - Step 08: Input valid AccountID to 'Account No'
]]>
            </line>
            <line>
              <![CDATA[[INFO ] [2021-08-06 15:21:23,665] Delete_Account - Step 09: Click to 'Submit' button
]]>
            </line>
            <line>
              <![CDATA[[INFO ] [2021-08-06 15:21:24,105] Delete_Account - Step 10: Accept to Alert and verify 'Account does not exist' is displayed
]]>
            </line>
            <line>
              <![CDATA[[INFO ] [2021-08-06 15:21:24,118] Delete_Account2 - Step 01: Click to 'Delete Account' label in the left Menu
]]>
            </line>
            <line>
              <![CDATA[[INFO ] [2021-08-06 15:21:24,905] Delete_Account2 - Step 02: Verify 'Delete Account Form' heading is displayed
]]>
            </line>
            <line>
              <![CDATA[[INFO ] [2021-08-06 15:21:24,954]  -------------------------- PASSED -------------------------- 
]]>
            </line>
            <line>
              <![CDATA[[INFO ] [2021-08-06 15:21:24,954] Delete_Account2 - Step 03: Input valid AccountID to 'Account No'
]]>
            </line>
            <line>
              <![CDATA[[INFO ] [2021-08-06 15:21:25,070] Delete_Account2 - Step 04: Click to 'Submit' button
]]>
            </line>
            <line>
              <![CDATA[[INFO ] [2021-08-06 15:21:25,156] Delete_Account2 - Step 05: Accept and verify Alert
]]>
            </line>
            <line>
              <![CDATA[[INFO ] [2021-08-06 15:21:25,575] Delete_Account2 - Step 06: Click to 'Edit Account' label in the left Menu
]]>
            </line>
            <line>
              <![CDATA[[INFO ] [2021-08-06 15:21:26,681] Delete_Account2 - Step 07: Verify 'Edit Account Form' heading is displayed
]]>
            </line>
            <line>
              <![CDATA[[INFO ] [2021-08-06 15:21:26,732]  -------------------------- PASSED -------------------------- 
]]>
            </line>
            <line>
              <![CDATA[[INFO ] [2021-08-06 15:21:26,732] Delete_Account2 - Step 08: Input valid AccountID to 'Account No'
]]>
            </line>
            <line>
              <![CDATA[[INFO ] [2021-08-06 15:21:26,840] Delete_Account2 - Step 09: Click to 'Submit' button
]]>
            </line>
            <line>
              <![CDATA[[INFO ] [2021-08-06 15:21:27,255] Delete_Account2 - Step 10: Accept to Alert and verify 'Account does not exist' is displayed
]]>
            </line>
          </reporter-output>
        </test-method> <!-- Tc_09_Delete_Account_And_Check_Delete_Succesfully -->
        <test-method signature="Tc_10_Delete_Customer_And_Check_Delete_Succesfully()[pri:0, instance:bankguru.customer.Customer_11_Payment@118102ee]" started-at="2021-08-06T08:21:27Z" name="Tc_10_Delete_Customer_And_Check_Delete_Succesfully" finished-at="2021-08-06T08:21:45Z" duration-ms="17758" status="PASS">
          <reporter-output>
            <line>
              <![CDATA[[INFO ] [2021-08-06 15:21:27,277] Delete_Customer - Step 01: Click to 'Delete Customer' label in the left Menu
]]>
            </line>
            <line>
              <![CDATA[[INFO ] [2021-08-06 15:21:28,644] Delete_Customer - Step 02: Verify 'Delete Customer Form' heading is displayed
]]>
            </line>
            <line>
              <![CDATA[[INFO ] [2021-08-06 15:21:28,705]  -------------------------- PASSED -------------------------- 
]]>
            </line>
            <line>
              <![CDATA[[INFO ] [2021-08-06 15:21:28,705] Delete_Customer - Step 03: Input valid CustomerID to 'Customer ID'
]]>
            </line>
            <line>
              <![CDATA[[INFO ] [2021-08-06 15:21:28,822] Delete_Customer - Step 04: Click to 'Submit' button
]]>
            </line>
            <line>
              <![CDATA[[INFO ] [2021-08-06 15:21:33,916] Delete_Customer - Step 05: Accept and verify Alert
]]>
            </line>
            <line>
              <![CDATA[[INFO ] [2021-08-06 15:21:43,961] Delete_Customer - Step 06: Click to 'Delete Customer' label in the left Menu
]]>
            </line>
            <line>
              <![CDATA[[INFO ] [2021-08-06 15:21:44,390] Delete_Customer - Step 07: Verify 'Delete Customer Form' heading is displayed
]]>
            </line>
            <line>
              <![CDATA[[INFO ] [2021-08-06 15:21:44,456]  -------------------------- PASSED -------------------------- 
]]>
            </line>
            <line>
              <![CDATA[[INFO ] [2021-08-06 15:21:44,456] Delete_Customer - Step 08: Input valid CustomerID to 'CustomerID'
]]>
            </line>
            <line>
              <![CDATA[[INFO ] [2021-08-06 15:21:44,586] Delete_Customer - Step 09: Click to 'Submit' button
]]>
            </line>
            <line>
              <![CDATA[[INFO ] [2021-08-06 15:21:44,674] Delete_Customer - Step 10: Accept to Alert and verify 'Account does not exist' is displayed
]]>
            </line>
          </reporter-output>
        </test-method> <!-- Tc_10_Delete_Customer_And_Check_Delete_Succesfully -->
        <test-method is-config="true" signature="afterClass()[pri:0, instance:bankguru.customer.Customer_11_Payment@118102ee]" started-at="2021-08-06T08:21:45Z" name="afterClass" finished-at="2021-08-06T08:21:46Z" duration-ms="1541" status="PASS">
          <reporter-output>
            <line>
              <![CDATA[[INFO ] [2021-08-06 15:21:45,036] OS name = windows 10
]]>
            </line>
            <line>
              <![CDATA[[INFO ] [2021-08-06 15:21:46,431] ---------- QUIT BROWSER SUCCESS ----------
]]>
            </line>
          </reporter-output>
        </test-method> <!-- afterClass -->
      </class> <!-- bankguru.customer.Customer_11_Payment -->
    </test> <!-- Run on chrome -->
  </suite> <!-- Customer -->
</testng-results>
